10-Aug-2017 17:09:57.148 INFO [main] org.apache.catalina.startup.VersionLoggerListener.log Server version:        Apache Tomcat/8.5.20
10-Aug-2017 17:09:57.196 INFO [main] org.apache.catalina.startup.VersionLoggerListener.log Server built:          Aug 2 2017 21:35:49 UTC
10-Aug-2017 17:09:57.197 INFO [main] org.apache.catalina.startup.VersionLoggerListener.log Server number:         8.5.20.0
10-Aug-2017 17:09:57.197 INFO [main] org.apache.catalina.startup.VersionLoggerListener.log OS Name:               Windows 10
10-Aug-2017 17:09:57.197 INFO [main] org.apache.catalina.startup.VersionLoggerListener.log OS Version:            10.0
10-Aug-2017 17:09:57.197 INFO [main] org.apache.catalina.startup.VersionLoggerListener.log Architecture:          x86
10-Aug-2017 17:09:57.197 INFO [main] org.apache.catalina.startup.VersionLoggerListener.log Java Home:             F:\Program Files (x86)\Java\jdk1.8.0_144\jre
10-Aug-2017 17:09:57.197 INFO [main] org.apache.catalina.startup.VersionLoggerListener.log JVM Version:           1.8.0_144-b01
10-Aug-2017 17:09:57.197 INFO [main] org.apache.catalina.startup.VersionLoggerListener.log JVM Vendor:            Oracle Corporation
10-Aug-2017 17:09:57.198 INFO [main] org.apache.catalina.startup.VersionLoggerListener.log CATALINA_BASE:         F:\Tito\Documents\GitHub\Coding-Test-Vistana-Signature\tomcat
10-Aug-2017 17:09:57.198 INFO [main] org.apache.catalina.startup.VersionLoggerListener.log CATALINA_HOME:         F:\Tito\Documents\GitHub\Coding-Test-Vistana-Signature\tomcat
10-Aug-2017 17:09:57.198 INFO [main] org.apache.catalina.startup.VersionLoggerListener.log Command line argument: -Djava.util.logging.config.file=F:\Tito\Documents\GitHub\Coding-Test-Vistana-Signature\tomcat\conf\logging.properties
10-Aug-2017 17:09:57.198 INFO [main] org.apache.catalina.startup.VersionLoggerListener.log Command line argument: -Djava.util.logging.manager=org.apache.juli.ClassLoaderLogManager
10-Aug-2017 17:09:57.198 INFO [main] org.apache.catalina.startup.VersionLoggerListener.log Command line argument: -Djdk.tls.ephemeralDHKeySize=2048
10-Aug-2017 17:09:57.198 INFO [main] org.apache.catalina.startup.VersionLoggerListener.log Command line argument: -Djava.protocol.handler.pkgs=org.apache.catalina.webresources
10-Aug-2017 17:09:57.198 INFO [main] org.apache.catalina.startup.VersionLoggerListener.log Command line argument: -Dcatalina.base=F:\Tito\Documents\GitHub\Coding-Test-Vistana-Signature\tomcat
10-Aug-2017 17:09:57.199 INFO [main] org.apache.catalina.startup.VersionLoggerListener.log Command line argument: -Dcatalina.home=F:\Tito\Documents\GitHub\Coding-Test-Vistana-Signature\tomcat
10-Aug-2017 17:09:57.199 INFO [main] org.apache.catalina.startup.VersionLoggerListener.log Command line argument: -Djava.io.tmpdir=F:\Tito\Documents\GitHub\Coding-Test-Vistana-Signature\tomcat\temp
10-Aug-2017 17:09:57.200 INFO [main] org.apache.catalina.core.AprLifecycleListener.lifecycleEvent The APR based Apache Tomcat Native library which allows optimal performance in production environments was not found on the java.library.path: [F:\Program Files (x86)\Java\jdk1.8.0_144\bin;C:\WINDOWS\Sun\Java\bin;C:\WINDOWS\system32;C:\WINDOWS;F:\Tito\AppData\Local\Programs\Python\Python27\;F:\Tito\AppData\Local\Programs\Python\Python27\Scripts;C:\ProgramData\Oracle\Java\javapath;C:\WINDOWS\system32;C:\WINDOWS;C:\WINDOWS\system32\wbem;C:\WINDOWS\system32\windowspowershell\v1.0\;c:\program files (x86)\razer chroma sdk\bin;c:\program files\razer chroma sdk\bin;c:\windows\system32;c:\windows;c:\windows\system32\wbem;c:\windows\system32\windowspowershell\v1.0\;c:\users\tito\appdata\local\microsoft\windowsapps;c:\program files (x86)\nvidia corporation\physx\common;c:\program files (x86)\common files\acronis\snapapi\;C:\Program Files (x86)\Common Files\Acronis\VirtualFile\;C:\Program Files (x86)\Common Files\Acronis\VirtualFile64\;C:\Program Files\PuTTY\;F:\Program Files\nodejs\;F:\Tito\AppData\Local\Programs\Python\Python27;F:\Tito\AppData\Local\Programs\Python\Python27\Scripts;F:\Tito\AppData\Local\Program\Python\Python36;F:\Tito\AppData\Local\Program\Python\Python36\Scripts;C:\Program Files\Microsoft SQL Server\130\Tools\Binn\;C:\Program Files\dotnet\;C:\Users\Tito\AppData\Local\Microsoft\WindowsApps;C:\Users\Tito\AppData\Local\GitHubDesktop\bin;C:\Users\Tito\AppData\Roaming\npm;F:\Tito\AppData\Local\Programs\Python\Python27;F:\Tito\AppData\Local\Programs\Python\Python27\Scripts;F:\Tito\AppData\Local\Programs\Python\Python36;F:\Tito\AppData\Local\Programs\Python\Python36\Scripts;F:\Program Files\Heroku\bin;.]
10-Aug-2017 17:09:58.151 INFO [main] org.apache.coyote.AbstractProtocol.init Initializing ProtocolHandler ["http-nio-9999"]
10-Aug-2017 17:09:58.519 INFO [main] org.apache.tomcat.util.net.NioSelectorPool.getSharedSelector Using a shared selector for servlet write/read
10-Aug-2017 17:09:58.550 INFO [main] org.apache.coyote.AbstractProtocol.init Initializing ProtocolHandler ["ajp-nio-8009"]
10-Aug-2017 17:09:58.553 INFO [main] org.apache.tomcat.util.net.NioSelectorPool.getSharedSelector Using a shared selector for servlet write/read
10-Aug-2017 17:09:58.553 INFO [main] org.apache.catalina.startup.Catalina.load Initialization processed in 2516 ms
10-Aug-2017 17:09:58.624 INFO [main] org.apache.catalina.core.StandardService.startInternal Starting service [Catalina]
10-Aug-2017 17:09:58.624 INFO [main] org.apache.catalina.core.StandardEngine.startInternal Starting Servlet Engine: Apache Tomcat/8.5.20
10-Aug-2017 17:09:58.649 INFO [localhost-startStop-1] org.apache.catalina.startup.HostConfig.deployDirectory Deploying web application directory [F:\Tito\Documents\GitHub\Coding-Test-Vistana-Signature\tomcat\webapps\docs]
10-Aug-2017 17:09:59.307 INFO [localhost-startStop-1] org.apache.catalina.startup.HostConfig.deployDirectory Deployment of web application directory [F:\Tito\Documents\GitHub\Coding-Test-Vistana-Signature\tomcat\webapps\docs] has finished in [649] ms
10-Aug-2017 17:09:59.308 INFO [localhost-startStop-1] org.apache.catalina.startup.HostConfig.deployDirectory Deploying web application directory [F:\Tito\Documents\GitHub\Coding-Test-Vistana-Signature\tomcat\webapps\examples]
10-Aug-2017 17:10:00.788 INFO [localhost-startStop-1] org.apache.catalina.startup.HostConfig.deployDirectory Deployment of web application directory [F:\Tito\Documents\GitHub\Coding-Test-Vistana-Signature\tomcat\webapps\examples] has finished in [1,480] ms
10-Aug-2017 17:10:00.788 INFO [localhost-startStop-1] org.apache.catalina.startup.HostConfig.deployDirectory Deploying web application directory [F:\Tito\Documents\GitHub\Coding-Test-Vistana-Signature\tomcat\webapps\host-manager]
10-Aug-2017 17:10:00.838 INFO [localhost-startStop-1] org.apache.catalina.startup.HostConfig.deployDirectory Deployment of web application directory [F:\Tito\Documents\GitHub\Coding-Test-Vistana-Signature\tomcat\webapps\host-manager] has finished in [50] ms
10-Aug-2017 17:10:00.838 INFO [localhost-startStop-1] org.apache.catalina.startup.HostConfig.deployDirectory Deploying web application directory [F:\Tito\Documents\GitHub\Coding-Test-Vistana-Signature\tomcat\webapps\manager]
10-Aug-2017 17:10:00.901 INFO [localhost-startStop-1] org.apache.catalina.startup.HostConfig.deployDirectory Deployment of web application directory [F:\Tito\Documents\GitHub\Coding-Test-Vistana-Signature\tomcat\webapps\manager] has finished in [63] ms
10-Aug-2017 17:10:00.901 INFO [localhost-startStop-1] org.apache.catalina.startup.HostConfig.deployDirectory Deploying web application directory [F:\Tito\Documents\GitHub\Coding-Test-Vistana-Signature\tomcat\webapps\ROOT]
10-Aug-2017 17:10:00.933 INFO [localhost-startStop-1] org.apache.catalina.startup.HostConfig.deployDirectory Deployment of web application directory [F:\Tito\Documents\GitHub\Coding-Test-Vistana-Signature\tomcat\webapps\ROOT] has finished in [32] ms
10-Aug-2017 17:10:00.939 INFO [main] org.apache.coyote.AbstractProtocol.start Starting ProtocolHandler ["http-nio-9999"]
10-Aug-2017 17:10:00.951 INFO [main] org.apache.coyote.AbstractProtocol.start Starting ProtocolHandler ["ajp-nio-8009"]
10-Aug-2017 17:10:00.954 INFO [main] org.apache.catalina.startup.Catalina.start Server startup in 2400 ms
10-Aug-2017 17:37:13.855 INFO [main] org.apache.catalina.startup.VersionLoggerListener.log Server version:        Apache Tomcat/8.5.20
10-Aug-2017 17:37:13.858 INFO [main] org.apache.catalina.startup.VersionLoggerListener.log Server built:          Aug 2 2017 21:35:49 UTC
10-Aug-2017 17:37:13.858 INFO [main] org.apache.catalina.startup.VersionLoggerListener.log Server number:         8.5.20.0
10-Aug-2017 17:37:13.859 INFO [main] org.apache.catalina.startup.VersionLoggerListener.log OS Name:               Windows 10
10-Aug-2017 17:37:13.859 INFO [main] org.apache.catalina.startup.VersionLoggerListener.log OS Version:            10.0
10-Aug-2017 17:37:13.859 INFO [main] org.apache.catalina.startup.VersionLoggerListener.log Architecture:          x86
10-Aug-2017 17:37:13.859 INFO [main] org.apache.catalina.startup.VersionLoggerListener.log Java Home:             F:\Program Files (x86)\Java\jdk1.8.0_144\jre
10-Aug-2017 17:37:13.859 INFO [main] org.apache.catalina.startup.VersionLoggerListener.log JVM Version:           1.8.0_144-b01
10-Aug-2017 17:37:13.859 INFO [main] org.apache.catalina.startup.VersionLoggerListener.log JVM Vendor:            Oracle Corporation
10-Aug-2017 17:37:13.859 INFO [main] org.apache.catalina.startup.VersionLoggerListener.log CATALINA_BASE:         F:\Tito\Documents\GitHub\Coding-Test-Vistana-Signature\tomcat
10-Aug-2017 17:37:13.859 INFO [main] org.apache.catalina.startup.VersionLoggerListener.log CATALINA_HOME:         F:\Tito\Documents\GitHub\Coding-Test-Vistana-Signature\tomcat
10-Aug-2017 17:37:13.860 INFO [main] org.apache.catalina.startup.VersionLoggerListener.log Command line argument: -Djava.util.logging.config.file=F:\Tito\Documents\GitHub\Coding-Test-Vistana-Signature\tomcat\conf\logging.properties
10-Aug-2017 17:37:13.860 INFO [main] org.apache.catalina.startup.VersionLoggerListener.log Command line argument: -Djava.util.logging.manager=org.apache.juli.ClassLoaderLogManager
10-Aug-2017 17:37:13.860 INFO [main] org.apache.catalina.startup.VersionLoggerListener.log Command line argument: -Djdk.tls.ephemeralDHKeySize=2048
10-Aug-2017 17:37:13.860 INFO [main] org.apache.catalina.startup.VersionLoggerListener.log Command line argument: -Djava.protocol.handler.pkgs=org.apache.catalina.webresources
10-Aug-2017 17:37:13.860 INFO [main] org.apache.catalina.startup.VersionLoggerListener.log Command line argument: -Dcatalina.base=F:\Tito\Documents\GitHub\Coding-Test-Vistana-Signature\tomcat
10-Aug-2017 17:37:13.860 INFO [main] org.apache.catalina.startup.VersionLoggerListener.log Command line argument: -Dcatalina.home=F:\Tito\Documents\GitHub\Coding-Test-Vistana-Signature\tomcat
10-Aug-2017 17:37:13.861 INFO [main] org.apache.catalina.startup.VersionLoggerListener.log Command line argument: -Djava.io.tmpdir=F:\Tito\Documents\GitHub\Coding-Test-Vistana-Signature\tomcat\temp
10-Aug-2017 17:37:13.862 INFO [main] org.apache.catalina.core.AprLifecycleListener.lifecycleEvent The APR based Apache Tomcat Native library which allows optimal performance in production environments was not found on the java.library.path: [F:\Program Files (x86)\Java\jdk1.8.0_144\bin;C:\WINDOWS\Sun\Java\bin;C:\WINDOWS\system32;C:\WINDOWS;F:\Tito\AppData\Local\Programs\Python\Python27\;F:\Tito\AppData\Local\Programs\Python\Python27\Scripts;C:\ProgramData\Oracle\Java\javapath;C:\WINDOWS\system32;C:\WINDOWS;C:\WINDOWS\system32\wbem;C:\WINDOWS\system32\windowspowershell\v1.0\;c:\program files (x86)\razer chroma sdk\bin;c:\program files\razer chroma sdk\bin;c:\windows\system32;c:\windows;c:\windows\system32\wbem;c:\windows\system32\windowspowershell\v1.0\;c:\users\tito\appdata\local\microsoft\windowsapps;c:\program files (x86)\nvidia corporation\physx\common;c:\program files (x86)\common files\acronis\snapapi\;C:\Program Files (x86)\Common Files\Acronis\VirtualFile\;C:\Program Files (x86)\Common Files\Acronis\VirtualFile64\;C:\Program Files\PuTTY\;F:\Program Files\nodejs\;F:\Tito\AppData\Local\Programs\Python\Python27;F:\Tito\AppData\Local\Programs\Python\Python27\Scripts;F:\Tito\AppData\Local\Program\Python\Python36;F:\Tito\AppData\Local\Program\Python\Python36\Scripts;C:\Program Files\Microsoft SQL Server\130\Tools\Binn\;C:\Program Files\dotnet\;C:\Users\Tito\AppData\Local\Microsoft\WindowsApps;C:\Users\Tito\AppData\Local\GitHubDesktop\bin;C:\Users\Tito\AppData\Roaming\npm;F:\Tito\AppData\Local\Programs\Python\Python27;F:\Tito\AppData\Local\Programs\Python\Python27\Scripts;F:\Tito\AppData\Local\Programs\Python\Python36;F:\Tito\AppData\Local\Programs\Python\Python36\Scripts;F:\Program Files\Heroku\bin;.]
10-Aug-2017 17:37:13.997 INFO [main] org.apache.coyote.AbstractProtocol.init Initializing ProtocolHandler ["http-nio-9999"]
10-Aug-2017 17:37:14.125 INFO [main] org.apache.tomcat.util.net.NioSelectorPool.getSharedSelector Using a shared selector for servlet write/read
10-Aug-2017 17:37:14.128 INFO [main] org.apache.coyote.AbstractProtocol.init Initializing ProtocolHandler ["ajp-nio-8009"]
10-Aug-2017 17:37:14.131 INFO [main] org.apache.tomcat.util.net.NioSelectorPool.getSharedSelector Using a shared selector for servlet write/read
10-Aug-2017 17:37:14.131 INFO [main] org.apache.catalina.startup.Catalina.load Initialization processed in 601 ms
10-Aug-2017 17:37:14.162 INFO [main] org.apache.catalina.core.StandardService.startInternal Starting service [Catalina]
10-Aug-2017 17:37:14.162 INFO [main] org.apache.catalina.core.StandardEngine.startInternal Starting Servlet Engine: Apache Tomcat/8.5.20
10-Aug-2017 17:37:14.173 INFO [localhost-startStop-1] org.apache.catalina.startup.HostConfig.deployDirectory Deploying web application directory [F:\Tito\Documents\GitHub\Coding-Test-Vistana-Signature\tomcat\webapps\docs]
10-Aug-2017 17:37:14.506 INFO [localhost-startStop-1] org.apache.catalina.startup.HostConfig.deployDirectory Deployment of web application directory [F:\Tito\Documents\GitHub\Coding-Test-Vistana-Signature\tomcat\webapps\docs] has finished in [332] ms
10-Aug-2017 17:37:14.506 INFO [localhost-startStop-1] org.apache.catalina.startup.HostConfig.deployDirectory Deploying web application directory [F:\Tito\Documents\GitHub\Coding-Test-Vistana-Signature\tomcat\webapps\examples]
10-Aug-2017 17:37:15.434 INFO [localhost-startStop-1] org.apache.catalina.startup.HostConfig.deployDirectory Deployment of web application directory [F:\Tito\Documents\GitHub\Coding-Test-Vistana-Signature\tomcat\webapps\examples] has finished in [927] ms
10-Aug-2017 17:37:15.434 INFO [localhost-startStop-1] org.apache.catalina.startup.HostConfig.deployDirectory Deploying web application directory [F:\Tito\Documents\GitHub\Coding-Test-Vistana-Signature\tomcat\webapps\host-manager]
10-Aug-2017 17:37:15.481 INFO [localhost-startStop-1] org.apache.catalina.startup.HostConfig.deployDirectory Deployment of web application directory [F:\Tito\Documents\GitHub\Coding-Test-Vistana-Signature\tomcat\webapps\host-manager] has finished in [47] ms
10-Aug-2017 17:37:15.481 INFO [localhost-startStop-1] org.apache.catalina.startup.HostConfig.deployDirectory Deploying web application directory [F:\Tito\Documents\GitHub\Coding-Test-Vistana-Signature\tomcat\webapps\main]
10-Aug-2017 17:37:15.528 INFO [localhost-startStop-1] org.apache.catalina.startup.HostConfig.deployDirectory Deployment of web application directory [F:\Tito\Documents\GitHub\Coding-Test-Vistana-Signature\tomcat\webapps\main] has finished in [46] ms
10-Aug-2017 17:37:15.528 INFO [localhost-startStop-1] org.apache.catalina.startup.HostConfig.deployDirectory Deploying web application directory [F:\Tito\Documents\GitHub\Coding-Test-Vistana-Signature\tomcat\webapps\manager]
10-Aug-2017 17:37:15.565 INFO [localhost-startStop-1] org.apache.catalina.startup.HostConfig.deployDirectory Deployment of web application directory [F:\Tito\Documents\GitHub\Coding-Test-Vistana-Signature\tomcat\webapps\manager] has finished in [37] ms
10-Aug-2017 17:37:15.565 INFO [localhost-startStop-1] org.apache.catalina.startup.HostConfig.deployDirectory Deploying web application directory [F:\Tito\Documents\GitHub\Coding-Test-Vistana-Signature\tomcat\webapps\ROOT]
10-Aug-2017 17:37:15.587 INFO [localhost-startStop-1] org.apache.catalina.startup.HostConfig.deployDirectory Deployment of web application directory [F:\Tito\Documents\GitHub\Coding-Test-Vistana-Signature\tomcat\webapps\ROOT] has finished in [22] ms
10-Aug-2017 17:37:15.590 INFO [main] org.apache.coyote.AbstractProtocol.start Starting ProtocolHandler ["http-nio-9999"]
10-Aug-2017 17:37:15.600 INFO [main] org.apache.coyote.AbstractProtocol.start Starting ProtocolHandler ["ajp-nio-8009"]
10-Aug-2017 17:37:15.603 INFO [main] org.apache.catalina.startup.Catalina.start Server startup in 1471 ms
10-Aug-2017 17:48:16.836 INFO [localhost-startStop-2] org.apache.catalina.startup.HostConfig.deployDirectory Deploying web application directory [F:\Tito\Documents\GitHub\Coding-Test-Vistana-Signature\tomcat\webapps\.idea]
10-Aug-2017 17:48:16.916 INFO [localhost-startStop-2] org.apache.catalina.startup.HostConfig.deployDirectory Deployment of web application directory [F:\Tito\Documents\GitHub\Coding-Test-Vistana-Signature\tomcat\webapps\.idea] has finished in [80] ms
10-Aug-2017 17:58:43.958 INFO [main] org.apache.catalina.startup.VersionLoggerListener.log Server version:        Apache Tomcat/8.5.20
10-Aug-2017 17:58:43.960 INFO [main] org.apache.catalina.startup.VersionLoggerListener.log Server built:          Aug 2 2017 21:35:49 UTC
10-Aug-2017 17:58:43.960 INFO [main] org.apache.catalina.startup.VersionLoggerListener.log Server number:         8.5.20.0
10-Aug-2017 17:58:43.961 INFO [main] org.apache.catalina.startup.VersionLoggerListener.log OS Name:               Windows 10
10-Aug-2017 17:58:43.961 INFO [main] org.apache.catalina.startup.VersionLoggerListener.log OS Version:            10.0
10-Aug-2017 17:58:43.961 INFO [main] org.apache.catalina.startup.VersionLoggerListener.log Architecture:          x86
10-Aug-2017 17:58:43.961 INFO [main] org.apache.catalina.startup.VersionLoggerListener.log Java Home:             F:\Program Files (x86)\Java\jdk1.8.0_144\jre
10-Aug-2017 17:58:43.961 INFO [main] org.apache.catalina.startup.VersionLoggerListener.log JVM Version:           1.8.0_144-b01
10-Aug-2017 17:58:43.961 INFO [main] org.apache.catalina.startup.VersionLoggerListener.log JVM Vendor:            Oracle Corporation
10-Aug-2017 17:58:43.962 INFO [main] org.apache.catalina.startup.VersionLoggerListener.log CATALINA_BASE:         F:\Tito\Documents\GitHub\Coding-Test-Vistana-Signature\tomcat
10-Aug-2017 17:58:43.962 INFO [main] org.apache.catalina.startup.VersionLoggerListener.log CATALINA_HOME:         F:\Tito\Documents\GitHub\Coding-Test-Vistana-Signature\tomcat
10-Aug-2017 17:58:43.962 INFO [main] org.apache.catalina.startup.VersionLoggerListener.log Command line argument: -Djava.util.logging.config.file=F:\Tito\Documents\GitHub\Coding-Test-Vistana-Signature\tomcat\conf\logging.properties
10-Aug-2017 17:58:43.962 INFO [main] org.apache.catalina.startup.VersionLoggerListener.log Command line argument: -Djava.util.logging.manager=org.apache.juli.ClassLoaderLogManager
10-Aug-2017 17:58:43.962 INFO [main] org.apache.catalina.startup.VersionLoggerListener.log Command line argument: -Djdk.tls.ephemeralDHKeySize=2048
10-Aug-2017 17:58:43.962 INFO [main] org.apache.catalina.startup.VersionLoggerListener.log Command line argument: -Djava.protocol.handler.pkgs=org.apache.catalina.webresources
10-Aug-2017 17:58:43.962 INFO [main] org.apache.catalina.startup.VersionLoggerListener.log Command line argument: -Dcatalina.base=F:\Tito\Documents\GitHub\Coding-Test-Vistana-Signature\tomcat
10-Aug-2017 17:58:43.962 INFO [main] org.apache.catalina.startup.VersionLoggerListener.log Command line argument: -Dcatalina.home=F:\Tito\Documents\GitHub\Coding-Test-Vistana-Signature\tomcat
10-Aug-2017 17:58:43.963 INFO [main] org.apache.catalina.startup.VersionLoggerListener.log Command line argument: -Djava.io.tmpdir=F:\Tito\Documents\GitHub\Coding-Test-Vistana-Signature\tomcat\temp
10-Aug-2017 17:58:43.964 INFO [main] org.apache.catalina.core.AprLifecycleListener.lifecycleEvent The APR based Apache Tomcat Native library which allows optimal performance in production environments was not found on the java.library.path: [F:\Program Files (x86)\Java\jdk1.8.0_144\bin;C:\WINDOWS\Sun\Java\bin;C:\WINDOWS\system32;C:\WINDOWS;F:\Tito\AppData\Local\Programs\Python\Python27\;F:\Tito\AppData\Local\Programs\Python\Python27\Scripts;C:\ProgramData\Oracle\Java\javapath;C:\WINDOWS\system32;C:\WINDOWS;C:\WINDOWS\system32\wbem;C:\WINDOWS\system32\windowspowershell\v1.0\;c:\program files (x86)\razer chroma sdk\bin;c:\program files\razer chroma sdk\bin;c:\windows\system32;c:\windows;c:\windows\system32\wbem;c:\windows\system32\windowspowershell\v1.0\;c:\users\tito\appdata\local\microsoft\windowsapps;c:\program files (x86)\nvidia corporation\physx\common;c:\program files (x86)\common files\acronis\snapapi\;C:\Program Files (x86)\Common Files\Acronis\VirtualFile\;C:\Program Files (x86)\Common Files\Acronis\VirtualFile64\;C:\Program Files\PuTTY\;F:\Program Files\nodejs\;F:\Tito\AppData\Local\Programs\Python\Python27;F:\Tito\AppData\Local\Programs\Python\Python27\Scripts;F:\Tito\AppData\Local\Program\Python\Python36;F:\Tito\AppData\Local\Program\Python\Python36\Scripts;C:\Program Files\Microsoft SQL Server\130\Tools\Binn\;C:\Program Files\dotnet\;C:\Users\Tito\AppData\Local\Microsoft\WindowsApps;C:\Users\Tito\AppData\Local\GitHubDesktop\bin;C:\Users\Tito\AppData\Roaming\npm;F:\Tito\AppData\Local\Programs\Python\Python27;F:\Tito\AppData\Local\Programs\Python\Python27\Scripts;F:\Tito\AppData\Local\Programs\Python\Python36;F:\Tito\AppData\Local\Programs\Python\Python36\Scripts;F:\Program Files\Heroku\bin;.]
10-Aug-2017 17:58:44.125 INFO [main] org.apache.coyote.AbstractProtocol.init Initializing ProtocolHandler ["http-nio-9999"]
10-Aug-2017 17:58:44.251 INFO [main] org.apache.tomcat.util.net.NioSelectorPool.getSharedSelector Using a shared selector for servlet write/read
10-Aug-2017 17:58:44.254 INFO [main] org.apache.coyote.AbstractProtocol.init Initializing ProtocolHandler ["ajp-nio-8009"]
10-Aug-2017 17:58:44.256 INFO [main] org.apache.tomcat.util.net.NioSelectorPool.getSharedSelector Using a shared selector for servlet write/read
10-Aug-2017 17:58:44.257 INFO [main] org.apache.catalina.startup.Catalina.load Initialization processed in 672 ms
10-Aug-2017 17:58:44.283 INFO [main] org.apache.catalina.core.StandardService.startInternal Starting service [Catalina]
10-Aug-2017 17:58:44.283 INFO [main] org.apache.catalina.core.StandardEngine.startInternal Starting Servlet Engine: Apache Tomcat/8.5.20
10-Aug-2017 17:58:44.294 INFO [localhost-startStop-1] org.apache.catalina.startup.HostConfig.deployDirectory Deploying web application directory [F:\Tito\Documents\GitHub\Coding-Test-Vistana-Signature\tomcat\webapps\.idea]
10-Aug-2017 17:58:44.639 INFO [localhost-startStop-1] org.apache.catalina.startup.HostConfig.deployDirectory Deployment of web application directory [F:\Tito\Documents\GitHub\Coding-Test-Vistana-Signature\tomcat\webapps\.idea] has finished in [345] ms
10-Aug-2017 17:58:44.640 INFO [localhost-startStop-1] org.apache.catalina.startup.HostConfig.deployDirectory Deploying web application directory [F:\Tito\Documents\GitHub\Coding-Test-Vistana-Signature\tomcat\webapps\docs]
10-Aug-2017 17:58:44.685 INFO [localhost-startStop-1] org.apache.catalina.startup.HostConfig.deployDirectory Deployment of web application directory [F:\Tito\Documents\GitHub\Coding-Test-Vistana-Signature\tomcat\webapps\docs] has finished in [45] ms
10-Aug-2017 17:58:44.685 INFO [localhost-startStop-1] org.apache.catalina.startup.HostConfig.deployDirectory Deploying web application directory [F:\Tito\Documents\GitHub\Coding-Test-Vistana-Signature\tomcat\webapps\examples]
10-Aug-2017 17:58:45.515 INFO [localhost-startStop-1] org.apache.catalina.startup.HostConfig.deployDirectory Deployment of web application directory [F:\Tito\Documents\GitHub\Coding-Test-Vistana-Signature\tomcat\webapps\examples] has finished in [830] ms
10-Aug-2017 17:58:45.515 INFO [localhost-startStop-1] org.apache.catalina.startup.HostConfig.deployDirectory Deploying web application directory [F:\Tito\Documents\GitHub\Coding-Test-Vistana-Signature\tomcat\webapps\host-manager]
10-Aug-2017 17:58:45.561 INFO [localhost-startStop-1] org.apache.catalina.startup.HostConfig.deployDirectory Deployment of web application directory [F:\Tito\Documents\GitHub\Coding-Test-Vistana-Signature\tomcat\webapps\host-manager] has finished in [46] ms
10-Aug-2017 17:58:45.562 INFO [localhost-startStop-1] org.apache.catalina.startup.HostConfig.deployDirectory Deploying web application directory [F:\Tito\Documents\GitHub\Coding-Test-Vistana-Signature\tomcat\webapps\main]
10-Aug-2017 17:58:45.587 INFO [localhost-startStop-1] org.apache.catalina.startup.HostConfig.deployDirectory Deployment of web application directory [F:\Tito\Documents\GitHub\Coding-Test-Vistana-Signature\tomcat\webapps\main] has finished in [26] ms
10-Aug-2017 17:58:45.587 INFO [localhost-startStop-1] org.apache.catalina.startup.HostConfig.deployDirectory Deploying web application directory [F:\Tito\Documents\GitHub\Coding-Test-Vistana-Signature\tomcat\webapps\manager]
10-Aug-2017 17:58:45.639 INFO [localhost-startStop-1] org.apache.catalina.startup.HostConfig.deployDirectory Deployment of web application directory [F:\Tito\Documents\GitHub\Coding-Test-Vistana-Signature\tomcat\webapps\manager] has finished in [52] ms
10-Aug-2017 17:58:45.640 INFO [localhost-startStop-1] org.apache.catalina.startup.HostConfig.deployDirectory Deploying web application directory [F:\Tito\Documents\GitHub\Coding-Test-Vistana-Signature\tomcat\webapps\ROOT]
10-Aug-2017 17:58:45.665 INFO [localhost-startStop-1] org.apache.catalina.startup.HostConfig.deployDirectory Deployment of web application directory [F:\Tito\Documents\GitHub\Coding-Test-Vistana-Signature\tomcat\webapps\ROOT] has finished in [25] ms
10-Aug-2017 17:58:45.668 INFO [main] org.apache.coyote.AbstractProtocol.start Starting ProtocolHandler ["http-nio-9999"]
10-Aug-2017 17:58:45.678 INFO [main] org.apache.coyote.AbstractProtocol.start Starting ProtocolHandler ["ajp-nio-8009"]
10-Aug-2017 17:58:45.683 INFO [main] org.apache.catalina.startup.Catalina.start Server startup in 1425 ms
10-Aug-2017 18:05:10.466 WARNING [main] org.apache.catalina.core.StandardServer.await StandardServer.await: Invalid command '' received
